{"/Users/yashvardhanchauhan/Documents/React/Kite-fighters/kite-fighters-ui/src/api/client.ts": {"path":"/Users/yashvardhanchauhan/Documents/React/Kite-fighters/kite-fighters-ui/src/api/client.ts","statementMap":{"0":{"start":{"line":6,"column":2},"end":{"line":6,"column":null}},"1":{"start":{"line":7,"column":20},"end":{"line":7,"column":null}},"2":{"start":{"line":10,"column":0},"end":{"line":13,"column":null}},"3":{"start":{"line":11,"column":2},"end":{"line":11,"column":null}},"4":{"start":{"line":12,"column":2},"end":{"line":12,"column":null}},"5":{"start":{"line":15,"column":33},"end":{"line":22,"column":null}},"6":{"start":{"line":25,"column":0},"end":{"line":36,"column":null}},"7":{"start":{"line":27,"column":18},"end":{"line":27,"column":null}},"8":{"start":{"line":28,"column":4},"end":{"line":30,"column":null}},"9":{"start":{"line":29,"column":6},"end":{"line":29,"column":null}},"10":{"start":{"line":31,"column":4},"end":{"line":31,"column":null}},"11":{"start":{"line":34,"column":4},"end":{"line":34,"column":null}},"12":{"start":{"line":39,"column":0},"end":{"line":56,"column":null}},"13":{"start":{"line":40,"column":16},"end":{"line":40,"column":null}},"14":{"start":{"line":42,"column":4},"end":{"line":52,"column":null}},"15":{"start":{"line":44,"column":6},"end":{"line":44,"column":null}},"16":{"start":{"line":47,"column":20},"end":{"line":47,"column":null}},"17":{"start":{"line":48,"column":6},"end":{"line":48,"column":null}},"18":{"start":{"line":51,"column":6},"end":{"line":51,"column":null}},"19":{"start":{"line":54,"column":4},"end":{"line":54,"column":null}},"20":{"start":{"line":58,"column":27},"end":{"line":79,"column":null}},"21":{"start":{"line":59,"column":2},"end":{"line":76,"column":null}},"22":{"start":{"line":60,"column":21},"end":{"line":60,"column":null}},"23":{"start":{"line":63,"column":50},"end":{"line":71,"column":null}},"24":{"start":{"line":73,"column":4},"end":{"line":74,"column":null}},"25":{"start":{"line":78,"column":2},"end":{"line":78,"column":null}}},"fnMap":{"0":{"name":"(anonymous_0)","decl":{"start":{"line":26,"column":2},"end":{"line":26,"column":3}},"loc":{"start":{"line":26,"column":14},"end":{"line":32,"column":null}},"line":26},"1":{"name":"(anonymous_1)","decl":{"start":{"line":33,"column":2},"end":{"line":33,"column":3}},"loc":{"start":{"line":33,"column":13},"end":{"line":35,"column":null}},"line":33},"2":{"name":"(anonymous_2)","decl":{"start":{"line":40,"column":2},"end":{"line":40,"column":3}},"loc":{"start":{"line":40,"column":16},"end":{"line":40,"column":null}},"line":40},"3":{"name":"(anonymous_3)","decl":{"start":{"line":41,"column":2},"end":{"line":41,"column":3}},"loc":{"start":{"line":41,"column":35},"end":{"line":55,"column":null}},"line":41},"4":{"name":"(anonymous_4)","decl":{"start":{"line":58,"column":27},"end":{"line":58,"column":28}},"loc":{"start":{"line":58,"column":55},"end":{"line":79,"column":null}},"line":58}},"branchMap":{"0":{"loc":{"start":{"line":6,"column":2},"end":{"line":6,"column":null}},"type":"binary-expr","locations":[{"start":{"line":6,"column":2},"end":{"line":6,"column":39}},{"start":{"line":6,"column":39},"end":{"line":6,"column":null}}],"line":6},"1":{"loc":{"start":{"line":7,"column":20},"end":{"line":7,"column":null}},"type":"binary-expr","locations":[{"start":{"line":7,"column":20},"end":{"line":7,"column":56}},{"start":{"line":7,"column":56},"end":{"line":7,"column":null}}],"line":7},"2":{"loc":{"start":{"line":10,"column":0},"end":{"line":13,"column":null}},"type":"if","locations":[{"start":{"line":10,"column":0},"end":{"line":13,"column":null}},{"start":{},"end":{}}],"line":10},"3":{"loc":{"start":{"line":28,"column":4},"end":{"line":30,"column":null}},"type":"if","locations":[{"start":{"line":28,"column":4},"end":{"line":30,"column":null}},{"start":{},"end":{}}],"line":28},"4":{"loc":{"start":{"line":42,"column":4},"end":{"line":52,"column":null}},"type":"if","locations":[{"start":{"line":42,"column":4},"end":{"line":52,"column":null}},{"start":{},"end":{}}],"line":42},"5":{"loc":{"start":{"line":59,"column":2},"end":{"line":76,"column":null}},"type":"if","locations":[{"start":{"line":59,"column":2},"end":{"line":76,"column":null}},{"start":{},"end":{}}],"line":59},"6":{"loc":{"start":{"line":74,"column":6},"end":{"line":74,"column":null}},"type":"binary-expr","locations":[{"start":{"line":74,"column":6},"end":{"line":74,"column":39}},{"start":{"line":74,"column":39},"end":{"line":74,"column":60}},{"start":{"line":74,"column":60},"end":{"line":74,"column":null}}],"line":74}},"s":{"0":2,"1":2,"2":2,"3":2,"4":2,"5":2,"6":2,"7":0,"8":0,"9":0,"10":0,"11":0,"12":2,"13":0,"14":0,"15":0,"16":0,"17":0,"18":0,"19":0,"20":2,"21":0,"22":0,"23":0,"24":0,"25":0},"f":{"0":0,"1":0,"2":0,"3":0,"4":0},"b":{"0":[2,0],"1":[2,2],"2":[2,0],"3":[0,0],"4":[0,0],"5":[0,0],"6":[0,0,0]},"meta":{"lastBranch":7,"lastFunction":5,"lastStatement":26,"seen":{"s:6:2:6:Infinity":0,"b:6:2:6:39:6:39:6:Infinity":0,"s:7:20:7:Infinity":1,"b:7:20:7:56:7:56:7:Infinity":1,"b:10:0:13:Infinity:undefined:undefined:undefined:undefined":2,"s:10:0:13:Infinity":2,"s:11:2:11:Infinity":3,"s:12:2:12:Infinity":4,"s:15:33:22:Infinity":5,"s:25:0:36:Infinity":6,"f:26:2:26:3":0,"s:27:18:27:Infinity":7,"b:28:4:30:Infinity:undefined:undefined:undefined:undefined":3,"s:28:4:30:Infinity":8,"s:29:6:29:Infinity":9,"s:31:4:31:Infinity":10,"f:33:2:33:3":1,"s:34:4:34:Infinity":11,"s:39:0:56:Infinity":12,"f:40:2:40:3":2,"s:40:16:40:Infinity":13,"f:41:2:41:3":3,"b:42:4:52:Infinity:undefined:undefined:undefined:undefined":4,"s:42:4:52:Infinity":14,"s:44:6:44:Infinity":15,"s:47:20:47:Infinity":16,"s:48:6:48:Infinity":17,"s:51:6:51:Infinity":18,"s:54:4:54:Infinity":19,"s:58:27:79:Infinity":20,"f:58:27:58:28":4,"b:59:2:76:Infinity:undefined:undefined:undefined:undefined":5,"s:59:2:76:Infinity":21,"s:60:21:60:Infinity":22,"s:63:50:71:Infinity":23,"s:73:4:74:Infinity":24,"b:74:6:74:39:74:39:74:60:74:60:74:Infinity":6,"s:78:2:78:Infinity":25}}}
,"/Users/yashvardhanchauhan/Documents/React/Kite-fighters/kite-fighters-ui/src/components/LoginForm.tsx": {"path":"/Users/yashvardhanchauhan/Documents/React/Kite-fighters/kite-fighters-ui/src/components/LoginForm.tsx","statementMap":{"0":{"start":{"line":17,"column":35},"end":{"line":134,"column":null}},"1":{"start":{"line":18,"column":24},"end":{"line":18,"column":null}},"2":{"start":{"line":19,"column":30},"end":{"line":19,"column":null}},"3":{"start":{"line":20,"column":38},"end":{"line":20,"column":null}},"4":{"start":{"line":21,"column":24},"end":{"line":21,"column":null}},"5":{"start":{"line":22,"column":28},"end":{"line":22,"column":null}},"6":{"start":{"line":24,"column":16},"end":{"line":24,"column":null}},"7":{"start":{"line":25,"column":8},"end":{"line":25,"column":null}},"8":{"start":{"line":27,"column":23},"end":{"line":40,"column":null}},"9":{"start":{"line":28,"column":4},"end":{"line":28,"column":null}},"10":{"start":{"line":29,"column":4},"end":{"line":29,"column":null}},"11":{"start":{"line":30,"column":4},"end":{"line":30,"column":null}},"12":{"start":{"line":32,"column":4},"end":{"line":39,"column":null}},"13":{"start":{"line":33,"column":6},"end":{"line":33,"column":null}},"14":{"start":{"line":34,"column":6},"end":{"line":34,"column":null}},"15":{"start":{"line":36,"column":6},"end":{"line":36,"column":null}},"16":{"start":{"line":38,"column":6},"end":{"line":38,"column":null}},"17":{"start":{"line":42,"column":2},"end":{"line":132,"column":null}},"18":{"start":{"line":81,"column":29},"end":{"line":81,"column":null}},"19":{"start":{"line":93,"column":29},"end":{"line":93,"column":null}},"20":{"start":{"line":101,"column":35},"end":{"line":101,"column":null}},"21":{"start":{"line":126,"column":27},"end":{"line":126,"column":null}}},"fnMap":{"0":{"name":"(anonymous_0)","decl":{"start":{"line":17,"column":35},"end":{"line":17,"column":41}},"loc":{"start":{"line":17,"column":41},"end":{"line":134,"column":null}},"line":17},"1":{"name":"(anonymous_1)","decl":{"start":{"line":27,"column":23},"end":{"line":27,"column":30}},"loc":{"start":{"line":27,"column":53},"end":{"line":40,"column":null}},"line":27},"2":{"name":"(anonymous_2)","decl":{"start":{"line":81,"column":22},"end":{"line":81,"column":23}},"loc":{"start":{"line":81,"column":29},"end":{"line":81,"column":null}},"line":81},"3":{"name":"(anonymous_3)","decl":{"start":{"line":93,"column":22},"end":{"line":93,"column":23}},"loc":{"start":{"line":93,"column":29},"end":{"line":93,"column":null}},"line":93},"4":{"name":"(anonymous_4)","decl":{"start":{"line":101,"column":29},"end":{"line":101,"column":35}},"loc":{"start":{"line":101,"column":35},"end":{"line":101,"column":null}},"line":101},"5":{"name":"(anonymous_5)","decl":{"start":{"line":126,"column":21},"end":{"line":126,"column":27}},"loc":{"start":{"line":126,"column":27},"end":{"line":126,"column":null}},"line":126}},"branchMap":{"0":{"loc":{"start":{"line":69,"column":9},"end":{"line":72,"column":null}},"type":"binary-expr","locations":[{"start":{"line":69,"column":9},"end":{"line":69,"column":null}},{"start":{"line":70,"column":10},"end":{"line":72,"column":null}}],"line":69},"1":{"loc":{"start":{"line":91,"column":18},"end":{"line":91,"column":null}},"type":"cond-expr","locations":[{"start":{"line":91,"column":33},"end":{"line":91,"column":42}},{"start":{"line":91,"column":42},"end":{"line":91,"column":null}}],"line":91},"2":{"loc":{"start":{"line":104,"column":21},"end":{"line":104,"column":null}},"type":"cond-expr","locations":[{"start":{"line":104,"column":36},"end":{"line":104,"column":56}},{"start":{"line":104,"column":56},"end":{"line":104,"column":null}}],"line":104},"3":{"loc":{"start":{"line":120,"column":13},"end":{"line":120,"column":null}},"type":"cond-expr","locations":[{"start":{"line":120,"column":23},"end":{"line":120,"column":41}},{"start":{"line":120,"column":41},"end":{"line":120,"column":null}}],"line":120}},"s":{"0":1,"1":6,"2":6,"3":6,"4":6,"5":6,"6":6,"7":6,"8":6,"9":0,"10":0,"11":0,"12":0,"13":0,"14":0,"15":0,"16":0,"17":6,"18":1,"19":1,"20":0,"21":0},"f":{"0":6,"1":0,"2":1,"3":1,"4":0,"5":0},"b":{"0":[6,0],"1":[0,6],"2":[0,6],"3":[0,6]},"meta":{"lastBranch":4,"lastFunction":6,"lastStatement":22,"seen":{"s:17:35:134:Infinity":0,"f:17:35:17:41":0,"s:18:24:18:Infinity":1,"s:19:30:19:Infinity":2,"s:20:38:20:Infinity":3,"s:21:24:21:Infinity":4,"s:22:28:22:Infinity":5,"s:24:16:24:Infinity":6,"s:25:8:25:Infinity":7,"s:27:23:40:Infinity":8,"f:27:23:27:30":1,"s:28:4:28:Infinity":9,"s:29:4:29:Infinity":10,"s:30:4:30:Infinity":11,"s:32:4:39:Infinity":12,"s:33:6:33:Infinity":13,"s:34:6:34:Infinity":14,"s:36:6:36:Infinity":15,"s:38:6:38:Infinity":16,"s:42:2:132:Infinity":17,"b:69:9:69:Infinity:70:10:72:Infinity":0,"f:81:22:81:23":2,"s:81:29:81:Infinity":18,"b:91:33:91:42:91:42:91:Infinity":1,"f:93:22:93:23":3,"s:93:29:93:Infinity":19,"f:101:29:101:35":4,"s:101:35:101:Infinity":20,"b:104:36:104:56:104:56:104:Infinity":2,"b:120:23:120:41:120:41:120:Infinity":3,"f:126:21:126:27":5,"s:126:27:126:Infinity":21}}}
,"/Users/yashvardhanchauhan/Documents/React/Kite-fighters/kite-fighters-ui/src/components/RegisterForm.tsx": {"path":"/Users/yashvardhanchauhan/Documents/React/Kite-fighters/kite-fighters-ui/src/components/RegisterForm.tsx","statementMap":{"0":{"start":{"line":19,"column":38},"end":{"line":171,"column":null}},"1":{"start":{"line":20,"column":22},"end":{"line":20,"column":null}},"2":{"start":{"line":21,"column":24},"end":{"line":21,"column":null}},"3":{"start":{"line":22,"column":30},"end":{"line":22,"column":null}},"4":{"start":{"line":23,"column":38},"end":{"line":23,"column":null}},"5":{"start":{"line":24,"column":24},"end":{"line":24,"column":null}},"6":{"start":{"line":25,"column":28},"end":{"line":25,"column":null}},"7":{"start":{"line":26,"column":42},"end":{"line":26,"column":null}},"8":{"start":{"line":28,"column":8},"end":{"line":28,"column":null}},"9":{"start":{"line":29,"column":16},"end":{"line":29,"column":null}},"10":{"start":{"line":31,"column":23},"end":{"line":55,"column":null}},"11":{"start":{"line":32,"column":4},"end":{"line":32,"column":null}},"12":{"start":{"line":33,"column":4},"end":{"line":33,"column":null}},"13":{"start":{"line":34,"column":4},"end":{"line":34,"column":null}},"14":{"start":{"line":36,"column":4},"end":{"line":54,"column":null}},"15":{"start":{"line":37,"column":6},"end":{"line":37,"column":null}},"16":{"start":{"line":40,"column":6},"end":{"line":40,"column":null}},"17":{"start":{"line":42,"column":6},"end":{"line":44,"column":null}},"18":{"start":{"line":47,"column":6},"end":{"line":49,"column":null}},"19":{"start":{"line":48,"column":8},"end":{"line":48,"column":null}},"20":{"start":{"line":51,"column":6},"end":{"line":51,"column":null}},"21":{"start":{"line":53,"column":6},"end":{"line":53,"column":null}},"22":{"start":{"line":57,"column":2},"end":{"line":169,"column":null}},"23":{"start":{"line":95,"column":29},"end":{"line":95,"column":null}},"24":{"start":{"line":106,"column":29},"end":{"line":106,"column":null}},"25":{"start":{"line":118,"column":29},"end":{"line":118,"column":null}},"26":{"start":{"line":127,"column":35},"end":{"line":127,"column":null}},"27":{"start":{"line":152,"column":27},"end":{"line":152,"column":null}},"28":{"start":{"line":162,"column":23},"end":{"line":162,"column":null}}},"fnMap":{"0":{"name":"(anonymous_0)","decl":{"start":{"line":19,"column":38},"end":{"line":19,"column":44}},"loc":{"start":{"line":19,"column":44},"end":{"line":171,"column":null}},"line":19},"1":{"name":"(anonymous_1)","decl":{"start":{"line":31,"column":23},"end":{"line":31,"column":30}},"loc":{"start":{"line":31,"column":53},"end":{"line":55,"column":null}},"line":31},"2":{"name":"(anonymous_2)","decl":{"start":{"line":47,"column":17},"end":{"line":47,"column":23}},"loc":{"start":{"line":47,"column":23},"end":{"line":49,"column":9}},"line":47},"3":{"name":"(anonymous_3)","decl":{"start":{"line":95,"column":22},"end":{"line":95,"column":23}},"loc":{"start":{"line":95,"column":29},"end":{"line":95,"column":null}},"line":95},"4":{"name":"(anonymous_4)","decl":{"start":{"line":106,"column":22},"end":{"line":106,"column":23}},"loc":{"start":{"line":106,"column":29},"end":{"line":106,"column":null}},"line":106},"5":{"name":"(anonymous_5)","decl":{"start":{"line":118,"column":22},"end":{"line":118,"column":23}},"loc":{"start":{"line":118,"column":29},"end":{"line":118,"column":null}},"line":118},"6":{"name":"(anonymous_6)","decl":{"start":{"line":127,"column":29},"end":{"line":127,"column":35}},"loc":{"start":{"line":127,"column":35},"end":{"line":127,"column":null}},"line":127},"7":{"name":"(anonymous_7)","decl":{"start":{"line":152,"column":21},"end":{"line":152,"column":27}},"loc":{"start":{"line":152,"column":27},"end":{"line":152,"column":null}},"line":152},"8":{"name":"(anonymous_8)","decl":{"start":{"line":162,"column":17},"end":{"line":162,"column":23}},"loc":{"start":{"line":162,"column":23},"end":{"line":162,"column":null}},"line":162}},"branchMap":{"0":{"loc":{"start":{"line":84,"column":9},"end":{"line":87,"column":null}},"type":"binary-expr","locations":[{"start":{"line":84,"column":9},"end":{"line":84,"column":null}},{"start":{"line":85,"column":10},"end":{"line":87,"column":null}}],"line":84},"1":{"loc":{"start":{"line":116,"column":18},"end":{"line":116,"column":null}},"type":"cond-expr","locations":[{"start":{"line":116,"column":33},"end":{"line":116,"column":42}},{"start":{"line":116,"column":42},"end":{"line":116,"column":null}}],"line":116},"2":{"loc":{"start":{"line":130,"column":21},"end":{"line":130,"column":null}},"type":"cond-expr","locations":[{"start":{"line":130,"column":36},"end":{"line":130,"column":56}},{"start":{"line":130,"column":56},"end":{"line":130,"column":null}}],"line":130},"3":{"loc":{"start":{"line":146,"column":13},"end":{"line":146,"column":null}},"type":"cond-expr","locations":[{"start":{"line":146,"column":23},"end":{"line":146,"column":47}},{"start":{"line":146,"column":47},"end":{"line":146,"column":null}}],"line":146}},"s":{"0":1,"1":7,"2":7,"3":7,"4":7,"5":7,"6":7,"7":7,"8":7,"9":7,"10":7,"11":0,"12":0,"13":0,"14":0,"15":0,"16":0,"17":0,"18":0,"19":0,"20":0,"21":0,"22":7,"23":1,"24":1,"25":1,"26":0,"27":0,"28":0},"f":{"0":7,"1":0,"2":0,"3":1,"4":1,"5":1,"6":0,"7":0,"8":0},"b":{"0":[7,0],"1":[0,7],"2":[0,7],"3":[0,7]},"meta":{"lastBranch":4,"lastFunction":9,"lastStatement":29,"seen":{"s:19:38:171:Infinity":0,"f:19:38:19:44":0,"s:20:22:20:Infinity":1,"s:21:24:21:Infinity":2,"s:22:30:22:Infinity":3,"s:23:38:23:Infinity":4,"s:24:24:24:Infinity":5,"s:25:28:25:Infinity":6,"s:26:42:26:Infinity":7,"s:28:8:28:Infinity":8,"s:29:16:29:Infinity":9,"s:31:23:55:Infinity":10,"f:31:23:31:30":1,"s:32:4:32:Infinity":11,"s:33:4:33:Infinity":12,"s:34:4:34:Infinity":13,"s:36:4:54:Infinity":14,"s:37:6:37:Infinity":15,"s:40:6:40:Infinity":16,"s:42:6:44:Infinity":17,"s:47:6:49:Infinity":18,"f:47:17:47:23":2,"s:48:8:48:Infinity":19,"s:51:6:51:Infinity":20,"s:53:6:53:Infinity":21,"s:57:2:169:Infinity":22,"b:84:9:84:Infinity:85:10:87:Infinity":0,"f:95:22:95:23":3,"s:95:29:95:Infinity":23,"f:106:22:106:23":4,"s:106:29:106:Infinity":24,"b:116:33:116:42:116:42:116:Infinity":1,"f:118:22:118:23":5,"s:118:29:118:Infinity":25,"f:127:29:127:35":6,"s:127:35:127:Infinity":26,"b:130:36:130:56:130:56:130:Infinity":2,"b:146:23:146:47:146:47:146:Infinity":3,"f:152:21:152:27":7,"s:152:27:152:Infinity":27,"f:162:17:162:23":8,"s:162:23:162:Infinity":28}}}
}
